# JRE version: Java(TM) SE Runtime Environment (15.0.2+7) (build 15.0.2+7-27)
# Java VM: Java HotSpot(TM) 64-Bit Server VM (15.0.2+7-27, mixed mode, sharing, tiered, compressed oops, g1 gc, bsd-amd64)
GC Precious Log:
 CPUs: 4 total, 4 available
 Memory: 8192M
 Large Page Support: Disabled
 NUMA Support: Disabled
 Compressed Oops: Enabled (Zero based)
 Heap Region Size: 1M
 Heap Min Capacity: 8M
 Heap Initial Capacity: 128M
 Heap Max Capacity: 2G
 Pre-touch: Disabled
 Parallel Workers: 4
 Concurrent Workers: 1
 Concurrent Refinement Workers: 4
 Periodic GC: Disabled
Heap:
 garbage-first heap   total 51200K, used 27765K [0x0000000780000000, 0x0000000800000000)
  region size 1024K, 5 young (5120K), 3 survivors (3072K)
 Metaspace       used 58999K, capacity 59544K, committed 60776K, reserved 1101824K
  class space    used 7658K, capacity 7837K, committed 7936K, reserved 1048576K
GC Heap History (20 events):
Event: 11.024 GC heap before
{Heap before GC invocations=8 (full 0):
 garbage-first heap   total 51200K, used 37375K [0x0000000780000000, 0x0000000800000000)
  region size 1024K, 23 young (23552K), 1 survivors (1024K)
 Metaspace       used 34700K, capacity 35036K, committed 35888K, reserved 1081344K
  class space    used 4266K, capacity 4400K, committed 4480K, reserved 1048576K
}
Event: 11.030 GC heap after
{Heap after GC invocations=9 (full 0):
 garbage-first heap   total 51200K, used 17744K [0x0000000780000000, 0x0000000800000000)
  region size 1024K, 3 young (3072K), 3 survivors (3072K)
 Metaspace       used 34700K, capacity 35036K, committed 35888K, reserved 1081344K
  class space    used 4266K, capacity 4400K, committed 4480K, reserved 1048576K
}
Event: 11.071 GC heap before
{Heap before GC invocations=9 (full 0):
 garbage-first heap   total 51200K, used 18768K [0x0000000780000000, 0x0000000800000000)
  region size 1024K, 5 young (5120K), 3 survivors (3072K)
 Metaspace       used 34955K, capacity 35260K, committed 35888K, reserved 1081344K
  class space    used 4300K, capacity 4432K, committed 4480K, reserved 1048576K
}
Event: 11.079 GC heap after
{Heap after GC invocations=10 (full 0):
 garbage-first heap   total 51200K, used 18353K [0x0000000780000000, 0x0000000800000000)
  region size 1024K, 1 young (1024K), 1 survivors (1024K)
 Metaspace       used 34955K, capacity 35260K, committed 35888K, reserved 1081344K
  class space    used 4300K, capacity 4432K, committed 4480K, reserved 1048576K
}
Event: 11.283 GC heap before
{Heap before GC invocations=11 (full 0):
 garbage-first heap   total 51200K, used 34737K [0x0000000780000000, 0x0000000800000000)
  region size 1024K, 17 young (17408K), 1 survivors (1024K)
 Metaspace       used 36491K, capacity 36820K, committed 37608K, reserved 1083392K
  class space    used 4483K, capacity 4628K, committed 4736K, reserved 1048576K
}
Event: 11.285 GC heap after
{Heap after GC invocations=12 (full 0):
 garbage-first heap   total 51200K, used 18580K [0x0000000780000000, 0x0000000800000000)
  region size 1024K, 1 young (1024K), 1 survivors (1024K)
 Metaspace       used 36491K, capacity 36820K, committed 37608K, reserved 1083392K
  class space    used 4483K, capacity 4628K, committed 4736K, reserved 1048576K
}
Event: 11.473 GC heap before
{Heap before GC invocations=13 (full 0):
 garbage-first heap   total 51200K, used 35988K [0x0000000780000000, 0x0000000800000000)
  region size 1024K, 18 young (18432K), 1 survivors (1024K)
 Metaspace       used 37496K, capacity 37862K, committed 38504K, reserved 1083392K
  class space    used 4661K, capacity 4823K, committed 4864K, reserved 1048576K
}
Event: 11.476 GC heap after
{Heap after GC invocations=14 (full 0):
 garbage-first heap   total 51200K, used 18996K [0x0000000780000000, 0x0000000800000000)
  region size 1024K, 2 young (2048K), 2 survivors (2048K)
 Metaspace       used 37496K, capacity 37862K, committed 38504K, reserved 1083392K
  class space    used 4661K, capacity 4823K, committed 4864K, reserved 1048576K
}
Event: 11.837 GC heap before
{Heap before GC invocations=14 (full 0):
 garbage-first heap   total 51200K, used 35380K [0x0000000780000000, 0x0000000800000000)
  region size 1024K, 19 young (19456K), 2 survivors (2048K)
 Metaspace       used 40940K, capacity 41327K, committed 42216K, reserved 1085440K
  class space    used 5268K, capacity 5401K, committed 5504K, reserved 1048576K
}
Event: 11.840 GC heap after
{Heap after GC invocations=15 (full 0):
 garbage-first heap   total 51200K, used 19672K [0x0000000780000000, 0x0000000800000000)
  region size 1024K, 2 young (2048K), 2 survivors (2048K)
 Metaspace       used 40940K, capacity 41327K, committed 42216K, reserved 1085440K
  class space    used 5268K, capacity 5401K, committed 5504K, reserved 1048576K
}
Event: 12.413 GC heap before
{Heap before GC invocations=15 (full 0):
 garbage-first heap   total 51200K, used 37080K [0x0000000780000000, 0x0000000800000000)
  region size 1024K, 20 young (20480K), 2 survivors (2048K)
 Metaspace       used 46194K, capacity 46593K, committed 47592K, reserved 1091584K
  class space    used 6044K, capacity 6173K, committed 6272K, reserved 1048576K
}
Event: 12.419 GC heap after
{Heap after GC invocations=16 (full 0):
 garbage-first heap   total 51200K, used 20685K [0x0000000780000000, 0x0000000800000000)
  region size 1024K, 3 young (3072K), 3 survivors (3072K)
 Metaspace       used 46194K, capacity 46593K, committed 47592K, reserved 1091584K
  class space    used 6044K, capacity 6173K, committed 6272K, reserved 1048576K
}
Event: 13.119 GC heap before
{Heap before GC invocations=16 (full 0):
 garbage-first heap   total 51200K, used 39117K [0x0000000780000000, 0x0000000800000000)
  region size 1024K, 21 young (21504K), 3 survivors (3072K)
 Metaspace       used 50294K, capacity 50722K, committed 51688K, reserved 1093632K
  class space    used 6592K, capacity 6758K, committed 6784K, reserved 1048576K
}
Event: 13.134 GC heap after
{Heap after GC invocations=17 (full 0):
 garbage-first heap   total 51200K, used 21874K [0x0000000780000000, 0x0000000800000000)
  region size 1024K, 3 young (3072K), 3 survivors (3072K)
 Metaspace       used 50294K, capacity 50722K, committed 51688K, reserved 1093632K
  class space    used 6592K, capacity 6758K, committed 6784K, reserved 1048576K
}
Event: 13.685 GC heap before
{Heap before GC invocations=17 (full 0):
 garbage-first heap   total 51200K, used 39282K [0x0000000780000000, 0x0000000800000000)
  region size 1024K, 20 young (20480K), 3 survivors (3072K)
 Metaspace       used 52396K, capacity 52787K, committed 53736K, reserved 1095680K
  class space    used 6884K, capacity 7018K, committed 7040K, reserved 1048576K
}
Event: 13.691 GC heap after
{Heap after GC invocations=18 (full 0):
 garbage-first heap   total 51200K, used 23498K [0x0000000780000000, 0x0000000800000000)
  region size 1024K, 3 young (3072K), 3 survivors (3072K)
 Metaspace       used 52396K, capacity 52787K, committed 53736K, reserved 1095680K
  class space    used 6884K, capacity 7018K, committed 7040K, reserved 1048576K
}
Event: 40.581 GC heap before
{Heap before GC invocations=18 (full 0):
 garbage-first heap   total 51200K, used 39882K [0x0000000780000000, 0x0000000800000000)
  region size 1024K, 19 young (19456K), 3 survivors (3072K)
 Metaspace       used 55330K, capacity 55701K, committed 56936K, reserved 1099776K
  class space    used 7243K, capacity 7388K, committed 7424K, reserved 1048576K
}
Event: 40.591 GC heap after
{Heap after GC invocations=19 (full 0):
 garbage-first heap   total 51200K, used 24922K [0x0000000780000000, 0x0000000800000000)
  region size 1024K, 3 young (3072K), 3 survivors (3072K)
 Metaspace       used 55330K, capacity 55701K, committed 56936K, reserved 1099776K
  class space    used 7243K, capacity 7388K, committed 7424K, reserved 1048576K
}
Event: 211.350 GC heap before
{Heap before GC invocations=19 (full 0):
 garbage-first heap   total 51200K, used 38234K [0x0000000780000000, 0x0000000800000000)
  region size 1024K, 17 young (17408K), 3 survivors (3072K)
 Metaspace       used 58960K, capacity 59480K, committed 60776K, reserved 1101824K
  class space    used 7658K, capacity 7837K, committed 7936K, reserved 1048576K
}
Event: 211.364 GC heap after
{Heap after GC invocations=20 (full 0):
 garbage-first heap   total 51200K, used 26741K [0x0000000780000000, 0x0000000800000000)
  region size 1024K, 3 young (3072K), 3 survivors (3072K)
 Metaspace       used 58960K, capacity 59480K, committed 60776K, reserved 1101824K
  class space    used 7658K, capacity 7837K, committed 7936K, reserved 1048576K
}

