# JRE version: Java(TM) SE Runtime Environment (15.0.2+7) (build 15.0.2+7-27)
# Java VM: Java HotSpot(TM) 64-Bit Server VM (15.0.2+7-27, mixed mode, sharing, tiered, compressed oops, g1 gc, bsd-amd64)
GC Precious Log:
 CPUs: 4 total, 4 available
 Memory: 8192M
 Large Page Support: Disabled
 NUMA Support: Disabled
 Compressed Oops: Enabled (Zero based)
 Heap Region Size: 1M
 Heap Min Capacity: 8M
 Heap Initial Capacity: 128M
 Heap Max Capacity: 2G
 Pre-touch: Disabled
 Parallel Workers: 4
 Concurrent Workers: 1
 Concurrent Refinement Workers: 4
 Periodic GC: Disabled
Heap:
 garbage-first heap   total 50176K, used 31839K [0x0000000780000000, 0x0000000800000000)
  region size 1024K, 8 young (8192K), 1 survivors (1024K)
 Metaspace       used 58714K, capacity 59192K, committed 60188K, reserved 1101824K
  class space    used 7648K, capacity 7805K, committed 7808K, reserved 1048576K
GC Heap History (20 events):
Event: 11.028 GC heap before
{Heap before GC invocations=8 (full 0):
 garbage-first heap   total 48128K, used 34300K [0x0000000780000000, 0x0000000800000000)
  region size 1024K, 21 young (21504K), 1 survivors (1024K)
 Metaspace       used 31319K, capacity 31738K, committed 32256K, reserved 1077248K
  class space    used 3852K, capacity 3983K, committed 4096K, reserved 1048576K
}
Event: 11.033 GC heap after
{Heap after GC invocations=9 (full 0):
 garbage-first heap   total 48128K, used 17579K [0x0000000780000000, 0x0000000800000000)
  region size 1024K, 3 young (3072K), 3 survivors (3072K)
 Metaspace       used 31319K, capacity 31738K, committed 32256K, reserved 1077248K
  class space    used 3852K, capacity 3983K, committed 4096K, reserved 1048576K
}
Event: 11.311 GC heap before
{Heap before GC invocations=9 (full 0):
 garbage-first heap   total 48128K, used 24747K [0x0000000780000000, 0x0000000800000000)
  region size 1024K, 12 young (12288K), 3 survivors (3072K)
 Metaspace       used 35278K, capacity 35581K, committed 35968K, reserved 1081344K
  class space    used 4303K, capacity 4432K, committed 4480K, reserved 1048576K
}
Event: 11.316 GC heap after
{Heap after GC invocations=10 (full 0):
 garbage-first heap   total 48128K, used 18346K [0x0000000780000000, 0x0000000800000000)
  region size 1024K, 1 young (1024K), 1 survivors (1024K)
 Metaspace       used 35278K, capacity 35581K, committed 35968K, reserved 1081344K
  class space    used 4303K, capacity 4432K, committed 4480K, reserved 1048576K
}
Event: 11.510 GC heap before
{Heap before GC invocations=11 (full 0):
 garbage-first heap   total 48128K, used 35754K [0x0000000780000000, 0x0000000800000000)
  region size 1024K, 18 young (18432K), 1 survivors (1024K)
 Metaspace       used 36723K, capacity 37045K, committed 37404K, reserved 1081344K
  class space    used 4518K, capacity 4660K, committed 4736K, reserved 1048576K
}
Event: 11.513 GC heap after
{Heap after GC invocations=12 (full 0):
 garbage-first heap   total 48128K, used 18575K [0x0000000780000000, 0x0000000800000000)
  region size 1024K, 2 young (2048K), 2 survivors (2048K)
 Metaspace       used 36723K, capacity 37045K, committed 37404K, reserved 1081344K
  class space    used 4518K, capacity 4660K, committed 4736K, reserved 1048576K
}
Event: 11.693 GC heap before
{Heap before GC invocations=13 (full 0):
 garbage-first heap   total 48128K, used 35983K [0x0000000780000000, 0x0000000800000000)
  region size 1024K, 19 young (19456K), 2 survivors (2048K)
 Metaspace       used 37922K, capacity 38285K, committed 38812K, reserved 1083392K
  class space    used 4724K, capacity 4856K, committed 4864K, reserved 1048576K
}
Event: 11.696 GC heap after
{Heap after GC invocations=14 (full 0):
 garbage-first heap   total 48128K, used 19061K [0x0000000780000000, 0x0000000800000000)
  region size 1024K, 2 young (2048K), 2 survivors (2048K)
 Metaspace       used 37922K, capacity 38285K, committed 38812K, reserved 1083392K
  class space    used 4724K, capacity 4856K, committed 4864K, reserved 1048576K
}
Event: 12.011 GC heap before
{Heap before GC invocations=14 (full 0):
 garbage-first heap   total 48128K, used 35445K [0x0000000780000000, 0x0000000800000000)
  region size 1024K, 19 young (19456K), 2 survivors (2048K)
 Metaspace       used 41464K, capacity 41872K, committed 42268K, reserved 1085440K
  class space    used 5342K, capacity 5497K, committed 5504K, reserved 1048576K
}
Event: 12.014 GC heap after
{Heap after GC invocations=15 (full 0):
 garbage-first heap   total 48128K, used 19558K [0x0000000780000000, 0x0000000800000000)
  region size 1024K, 2 young (2048K), 2 survivors (2048K)
 Metaspace       used 41464K, capacity 41872K, committed 42268K, reserved 1085440K
  class space    used 5342K, capacity 5497K, committed 5504K, reserved 1048576K
}
Event: 12.497 GC heap before
{Heap before GC invocations=15 (full 0):
 garbage-first heap   total 48128K, used 35942K [0x0000000780000000, 0x0000000800000000)
  region size 1024K, 19 young (19456K), 2 survivors (2048K)
 Metaspace       used 46366K, capacity 46754K, committed 47388K, reserved 1091584K
  class space    used 6066K, capacity 6205K, committed 6272K, reserved 1048576K
}
Event: 12.502 GC heap after
{Heap after GC invocations=16 (full 0):
 garbage-first heap   total 48128K, used 20531K [0x0000000780000000, 0x0000000800000000)
  region size 1024K, 2 young (2048K), 2 survivors (2048K)
 Metaspace       used 46366K, capacity 46754K, committed 47388K, reserved 1091584K
  class space    used 6066K, capacity 6205K, committed 6272K, reserved 1048576K
}
Event: 13.022 GC heap before
{Heap before GC invocations=16 (full 0):
 garbage-first heap   total 48128K, used 37939K [0x0000000780000000, 0x0000000800000000)
  region size 1024K, 19 young (19456K), 2 survivors (2048K)
 Metaspace       used 50252K, capacity 50691K, committed 51484K, reserved 1093632K
  class space    used 6585K, capacity 6726K, committed 6784K, reserved 1048576K
}
Event: 13.029 GC heap after
{Heap after GC invocations=17 (full 0):
 garbage-first heap   total 48128K, used 21903K [0x0000000780000000, 0x0000000800000000)
  region size 1024K, 3 young (3072K), 3 survivors (3072K)
 Metaspace       used 50252K, capacity 50691K, committed 51484K, reserved 1093632K
  class space    used 6585K, capacity 6726K, committed 6784K, reserved 1048576K
}
Event: 13.412 GC heap before
{Heap before GC invocations=17 (full 0):
 garbage-first heap   total 48128K, used 37263K [0x0000000780000000, 0x0000000800000000)
  region size 1024K, 18 young (18432K), 3 survivors (3072K)
 Metaspace       used 52043K, capacity 52435K, committed 53276K, reserved 1095680K
  class space    used 6837K, capacity 6986K, committed 7040K, reserved 1048576K
}
Event: 13.420 GC heap after
{Heap after GC invocations=18 (full 0):
 garbage-first heap   total 48128K, used 23517K [0x0000000780000000, 0x0000000800000000)
  region size 1024K, 3 young (3072K), 3 survivors (3072K)
 Metaspace       used 52043K, capacity 52435K, committed 53276K, reserved 1095680K
  class space    used 6837K, capacity 6986K, committed 7040K, reserved 1048576K
}
Event: 36.288 GC heap before
{Heap before GC invocations=18 (full 0):
 garbage-first heap   total 48128K, used 36829K [0x0000000780000000, 0x0000000800000000)
  region size 1024K, 16 young (16384K), 3 survivors (3072K)
 Metaspace       used 53905K, capacity 54322K, committed 55068K, reserved 1097728K
  class space    used 7070K, capacity 7227K, committed 7296K, reserved 1048576K
}
Event: 36.298 GC heap after
{Heap after GC invocations=19 (full 0):
 garbage-first heap   total 48128K, used 24715K [0x0000000780000000, 0x0000000800000000)
  region size 1024K, 2 young (2048K), 2 survivors (2048K)
 Metaspace       used 53905K, capacity 54322K, committed 55068K, reserved 1097728K
  class space    used 7070K, capacity 7227K, committed 7296K, reserved 1048576K
}
Event: 36.947 GC heap before
{Heap before GC invocations=20 (full 0):
 garbage-first heap   total 50176K, used 35979K [0x0000000780000000, 0x0000000800000000)
  region size 1024K, 14 young (14336K), 2 survivors (2048K)
 Metaspace       used 57498K, capacity 58040K, committed 58780K, reserved 1099776K
  class space    used 7501K, capacity 7677K, committed 7680K, reserved 1048576K
}
Event: 36.960 GC heap after
{Heap after GC invocations=21 (full 0):
 garbage-first heap   total 50176K, used 25695K [0x0000000780000000, 0x0000000800000000)
  region size 1024K, 1 young (1024K), 1 survivors (1024K)
 Metaspace       used 57498K, capacity 58040K, committed 58780K, reserved 1099776K
  class space    used 7501K, capacity 7677K, committed 7680K, reserved 1048576K
}

